<?xml version="1.0" encoding="UTF-8"?>
<testsuite name="ContactsTest" tests="1" skipped="0" failures="0" errors="0" timestamp="2023-05-11T21:40:32" hostname="Jessies-iMac.local" time="0.22">
  <properties/>
  <testcase name="start" classname="ContactsTest" time="0.22"/>
  <system-out><![CDATA[?[1;31m
Start test 1?[0m
Enter Action (add, remove, edit, count, info, exit):
> exit
?[1;31m
Start test 2?[0m
Enter Action (add, remove, edit, count, info, exit):
> count
The Phone Book has 0 records.

Enter Action (add, remove, edit, count, info, exit):
> exit
?[1;31m
Start test 3?[0m
Enter Action (add, remove, edit, count, info, exit):
> count
The Phone Book has 0 records.

Enter Action (add, remove, edit, count, info, exit):
> edit
No records to edit!

Enter Action (add, remove, edit, count, info, exit):
> exit
?[1;31m
Start test 4?[0m
Enter Action (add, remove, edit, count, info, exit):
> count
The Phone Book has 0 records.

Enter Action (add, remove, edit, count, info, exit):
> remove
No records to remove!

Enter Action (add, remove, edit, count, info, exit):
> exit
?[1;31m
Start test 5?[0m
Enter Action (add, remove, edit, count, info, exit):
> add
Enter the type (person, organization): 
> person
Enter the name of the person: 
> John
Enter the surname of the person: 
> Smith
Enter the birth date: 
> 
Bad birth date!
Enter the gender (M, F): 
> 
Bad gender!
Enter the number: 
> 123 456 789
A record added!

Enter Action (add, remove, edit, count, info, exit):
> count
The Phone Book has 1 records.

Enter Action (add, remove, edit, count, info, exit):
> exit
?[1;31m
Start test 6?[0m
Enter Action (add, remove, edit, count, info, exit):
> add
Enter the type (person, organization): 
> person
Enter the name of the person: 
> John
Enter the surname of the person: 
> Smith
Enter the birth date: 
> 
Bad birth date!
Enter the gender (M, F): 
> 
Bad gender!
Enter the number: 
> 123 456 789
A record added!

Enter Action (add, remove, edit, count, info, exit):
> info
1. John Smith
Select a record: 
> 1
Name: John
Surname: Smith
Birth date: [no data]
Gender: [no data]
Number: 123 456 789
Time created: 2023-05-11T17:40
Time last edit: 2023-05-11T17:40

Enter Action (add, remove, edit, count, info, exit):
> exit
?[1;31m
Start test 7?[0m
Enter Action (add, remove, edit, count, info, exit):
> add
Enter the type (person, organization): 
> organization
Enter the organization name: 
> Pizza Shop
Enter the address: 
> Wall St. 1
Enter the number: 
> +0 (123) 456-789-9999
A record added!

Enter Action (add, remove, edit, count, info, exit):
> info
1. Pizza Shop
Select a record: 
> 1
Organization name: Pizza Shop
Address: Wall St. 1
Number: +0 (123) 456-789-9999
Time created: 2023-05-11T17:40
Time last edit: 2023-05-11T17:40

Enter Action (add, remove, edit, count, info, exit):
> exit
?[1;31m
Start test 8?[0m
Enter Action (add, remove, edit, count, info, exit):
> add
Enter the type (person, organization): 
> person
Enter the name of the person: 
> John
Enter the surname of the person: 
> Smith
Enter the birth date: 
> 
Bad birth date!
Enter the gender (M, F): 
> 
Bad gender!
Enter the number: 
> 123 456 789
A record added!

Enter Action (add, remove, edit, count, info, exit):
> edit
1. John Smith
Select a record: 
> 1
Select a field (name, surname, number): 
> gender
Enter gender: 
> M
The record updated!

Enter Action (add, remove, edit, count, info, exit):
> info
1. John Smith
Select a record: 
> 1
Name: John
Surname: Smith
Birth date: [no data]
Gender: M
Number: 123 456 789
Time created: 2023-05-11T17:40
Time last edit: 2023-05-11T17:40

Enter Action (add, remove, edit, count, info, exit):
> exit
?[1;31m
Start test 9?[0m
Enter Action (add, remove, edit, count, info, exit):
> add
Enter the type (person, organization): 
> person
Enter the name of the person: 
> John2
Enter the surname of the person: 
> Smith2
Enter the birth date: 
> 
Bad birth date!
Enter the gender (M, F): 
> 
Bad gender!
Enter the number: 
> 123 456 789
A record added!

Enter Action (add, remove, edit, count, info, exit):
> edit
1. John2 Smith2
Select a record: 
> 1
Select a field (name, surname, number): 
> name
Enter name: 
> John3
The record updated!

Enter Action (add, remove, edit, count, info, exit):
> info
1. John3 Smith2
Select a record: 
> 1
Name: John3
Surname: Smith2
Birth date: [no data]
Gender: [no data]
Number: 123 456 789
Time created: 2023-05-11T17:40
Time last edit: 2023-05-11T17:40

Enter Action (add, remove, edit, count, info, exit):
> exit
?[1;31m
Start test 10?[0m
Enter Action (add, remove, edit, count, info, exit):
> add
Enter the type (person, organization): 
> person
Enter the name of the person: 
> John2
Enter the surname of the person: 
> Smith2
Enter the birth date: 
> 
Bad birth date!
Enter the gender (M, F): 
> 
Bad gender!
Enter the number: 
> 123 456 789
A record added!

Enter Action (add, remove, edit, count, info, exit):
> edit
1. John2 Smith2
Select a record: 
> 1
Select a field (name, surname, number): 
> number
Enter number: 
> 321 654 978
The record updated!

Enter Action (add, remove, edit, count, info, exit):
> info
1. John2 Smith2
Select a record: 
> 1
Name: John2
Surname: Smith2
Birth date: [no data]
Gender: [no data]
Number: 321 654 978
Time created: 2023-05-11T17:40
Time last edit: 2023-05-11T17:40

Enter Action (add, remove, edit, count, info, exit):
> exit
?[1;31m
Start test 11?[0m
Enter Action (add, remove, edit, count, info, exit):
> add
Enter the type (person, organization): 
> organization
Enter the organization name: 
> Pizza Shop
Enter the address: 
> Wall St. 1
Enter the number: 
> +0 (123) 456-789-9999
A record added!

Enter Action (add, remove, edit, count, info, exit):
> edit
1. Pizza Shop
Select a record: 
> 1
Select a field (name, surname, number): 
> address
Enter address: 
> Wall St 2
The record updated!

Enter Action (add, remove, edit, count, info, exit):
> info
1. Pizza Shop
Select a record: 
> 1
Organization name: Pizza Shop
Address: Wall St 2
Number: +0 (123) 456-789-9999
Time created: 2023-05-11T17:40
Time last edit: 2023-05-11T17:40

Enter Action (add, remove, edit, count, info, exit):
> exit
?[1;31m
Start test 12?[0m
Enter Action (add, remove, edit, count, info, exit):
> add
Enter the type (person, organization): 
> organization
Enter the organization name: 
> Pizza Shop
Enter the address: 
> Wall St. 1
Enter the number: 
> +0 (123) 456-789-9999
A record added!

Enter Action (add, remove, edit, count, info, exit):
> edit
1. Pizza Shop
Select a record: 
> 1
Select a field (name, surname, number): 
> number
Enter number: 
> +0 (123) 456-789-12345
The record updated!

Enter Action (add, remove, edit, count, info, exit):
> info
1. Pizza Shop
Select a record: 
> 1
Organization name: Pizza Shop
Address: Wall St. 1
Number: +0 (123) 456-789-12345
Time created: 2023-05-11T17:40
Time last edit: 2023-05-11T17:40

Enter Action (add, remove, edit, count, info, exit):
> exit
]]></system-out>
  <system-err><![CDATA[]]></system-err>
</testsuite>
