<?xml version="1.0" encoding="UTF-8"?>
<testsuite name="MainTest" tests="1" skipped="0" failures="0" errors="0" timestamp="2023-05-06T19:04:10" hostname="Jessies-iMac.local" time="0.104">
  <properties/>
  <testcase name="start" classname="MainTest" time="0.104"/>
  <system-out><![CDATA[?[1;31m
Start test 1?[0m
PDF document
It took 6.036E-6 seconds
?[1;31m
Start test 2?[0m
DOC document
It took 0.013070659 seconds
?[1;31m
Start test 3?[0m
Unknown file type
It took 5.94E-6 seconds
?[1;31m
Start test 4?[0m
Unknown file type
It took 0.013154926 seconds
]]></system-out>
  <system-err><![CDATA[]]></system-err>
</testsuite>
